This file contains any messages produced by compilers while
running CMake, to aid debugging if configure makes a mistake.

It was created by tsid CMake configuration process 1.4.1, which was
generated by CMake 3.17.3.

## --------- ##
## Platform. ##
## --------- ##

hostname = talos-dev2
system = Linux-4.15.0-88-generic
processor = x86_64
generator = Unix Makefiles

PATH /opt/pal/erbium/bin
PATH /opt/ros/kinetic/bin
PATH /usr/local/nvidia/bin
PATH /usr/local/sbin
PATH /usr/local/bin
PATH /usr/sbin
PATH /usr/bin
PATH /sbin
PATH /bin

PKG_CONFIG_PATH /home/pal/ros_ws/devel/lib/pkgconfig
PKG_CONFIG_PATH /home/user/ros_ws/devel/lib/pkgconfig
PKG_CONFIG_PATH /opt/pal/erbium/lib/pkgconfig
PKG_CONFIG_PATH /opt/pal/erbium/lib/x86_64-linux-gnu/pkgconfig
PKG_CONFIG_PATH /opt/ros/kinetic/lib/pkgconfig
PKG_CONFIG_PATH /opt/ros/kinetic/lib/x86_64-linux-gnu/pkgconfig

## ---------------- ##
## CMake variables. ##
## ---------------- ##

CMAKE_ROOT = /usr/local/share/cmake-3.17
CMAKE_INCLUDE_PATH = 
CMAKE_LIBRARY_PATH = 
CMAKE_PREFIX_PATH = 
CMAKE_INSTALL_ALWAYS = 
CMAKE_SKIP_RPATH = NO
CMAKE_SUPPRESS_REGENERATION = 
BUILD_SHARED_LIBS = 

CMAKE_INSTALL_PREFIX = /home/user/ros_ws/devel
PROJECT_SOURCE_DIR = /home/user/tsid
PROJECT_SOURCE_DIR = /home/user/tsid
PROJECT_BINARY_DIR = /home/user/tsid/buid
CMAKE_BINARY_DIR = /home/user/tsid/buid

CMAKE_AR = /usr/bin/ar
CMAKE_RANLIB = /usr/bin/ranlib
CMAKE_BUILD_TYPE = RELEASE
CMAKE_CONFIGURATION_TYPES = 
CMAKE_SHARED_LINKER_FLAGS = 

CMAKE_C_COMPILER = 
CMAKE_C_FLAGS = 
CMAKE_C_FLAGS_DEBUG = 
CMAKE_C_FLAGS_RELEASE = 
CMAKE_CXX_COMPILER = /usr/bin/c++
CMAKE_CXX_FLAGS =  -pedantic -Wno-long-long -Wall -Wextra -Wcast-align -Wcast-qual -Wformat -Wwrite-strings -Wconversion 
CMAKE_CXX_FLAGS_DEBUG = -g
CMAKE_CXX_FLAGS_RELEASE = -O3 -DNDEBUG
CMAKE_CXX_FLAGS_RELWITHDEBINFO = -O2 -g -DNDEBUG

CMAKE_STATIC_LIBRARY_PREFIX = lib
CMAKE_STATIC_LIBRARY_SUFFIX = .a
CMAKE_SHARED_LIBRARY_PREFIX = lib
CMAKE_SHARED_LIBRARY_SUFFIX = .so
CMAKE_SHARED_MODULE_PREFIX = lib
CMAKE_SHARED_MODULE_SUFFIX = .so

## ------------------ ##
## Watched variables. ##
## ------------------ ##

WARNING_CXX_FLAGS =  -pedantic -Wno-long-long -Wall -Wextra -Wcast-align -Wcast-qual -Wformat -Wwrite-strings -Wconversion
_PKG_CONFIG_FOUND = undefined
PKG_CONFIG_EXECUTABLE = /usr/bin/pkg-config
_PKG_CONFIG_PREFIX = /home/user/ros_ws/devel
_PKG_CONFIG_EXEC_PREFIX = /home/user/ros_ws/devel
_PKG_CONFIG_LIBDIR = /home/user/ros_ws/devel/lib
_PKG_CONFIG_BINDIR = /home/user/ros_ws/devel/bin
_PKG_CONFIG_PKGLIBDIR = /home/user/ros_ws/devel/lib/tsid
_PKG_CONFIG_INCLUDEDIR = /home/user/ros_ws/devel/include
_PKG_CONFIG_DATAROOTDIR = /home/user/ros_ws/devel/share
_PKG_CONFIG_PKGDATAROOTDIR = /home/user/ros_ws/devel/share
_PKG_CONFIG_DOCDIR = /home/user/ros_ws/devel/share/doc/tsid
_PKG_CONFIG_DOXYGENDOCDIR = /home/user/ros_ws/devel/share/doc/tsid/doxygen-html
_PKG_CONFIG_PROJECT_NAME = tsid
_PKG_CONFIG_DESCRIPTION = Efficient Task Space Inverse Dynamics for Multi-body Systems based on Pinocchio
_PKG_CONFIG_URL = https://github.com/stack-of-tasks/tsid
_PKG_CONFIG_VERSION = 1.4.1
_PKG_CONFIG_REQUIRES = pinocchio >= 2.3.1;eiquadprog >= 1.1.3
_PKG_CONFIG_REQUIRES_DEBUG = 
_PKG_CONFIG_REQUIRES_OPTIMIZED = 
_PKG_CONFIG_COMPILE_TIME_REQUIRES = 
_PKG_CONFIG_CONFLICTS = 
_PKG_CONFIG_LIBS =  -ltsid
_PKG_CONFIG_LIBS_DEBUG = -L${libdir}
_PKG_CONFIG_LIBS_OPTIMIZED = -L${libdir}
_PKG_CONFIG_LIBS_PRIVATE = 
_PKG_CONFIG_CFLAGS = -I${includedir}
_PKG_CONFIG_CFLAGS_DEBUG = 
_PKG_CONFIG_CFLAGS_OPTIMIZED = 
_PKG_CONFIG_FILENAME = tsid.pc
PKG_CONFIG_EXTRA = 
DOXYGEN_SKIP_DOT = undefined
DOXYGEN_EXECUTABLE = /usr/bin/doxygen
DOXYGEN_FOUND = YES
DOXYGEN_DOT_EXECUTABLE = /usr/bin/dot
DOXYGEN_DOT_FOUND = YES
DOXYGEN_DOT_PATH = /usr/bin
DOXYGEN_DOT_IMAGE_FORMAT = undefined
DOXYGEN_USE_MATHJAX = YES
DOXYGEN_USE_TEMPLATE_CSS = undefined
## ---------------- ##
## Watched targets. ##
## ---------------- ##

